

Microchip Technology PIC18 LITE Macro Assembler V1.33 build 59893 
                                                                                               Thu Jul 30 09:04:24 2015

Microchip Technology Omniscient Code Generator (Lite mode) build 59893
     1                           	processor	18F4480
     2                           	fnconf	rparam,??,?,0
     3                           	opt	pw 120
     4                           	opt	lm
     5                           	psect	intcode_body,global,reloc=2,class=CODE,delta=1
     6                           	psect	cinit,global,reloc=2,class=CODE,delta=1
     7                           	psect	cstackCOMRAM,global,class=COMRAM,space=1,delta=1
     8                           	psect	text0,global,reloc=2,class=CODE,delta=1
     9                           	psect	text1,global,reloc=2,class=CODE,delta=1
    10                           	psect	intcode,global,reloc=2,class=CODE,delta=1
    11                           	psect	intsave_regs,global,class=BIGRAM,space=1,delta=1
    12                           	psect	rparam,global,class=COMRAM,space=1,delta=1
    13  0000                     _ADCON1	set	4033
    14  0000                     _INTCON2bits	set	4081
    15  0000                     _INTCONbits	set	4082
    16  0000                     _LATA	set	3977
    17  0000                     _LATAbits	set	3977
    18  0000                     _PORTAbits	set	3968
    19  0000                     _TRISA	set	3986
    20  0000                     _TRISB	set	3987
    21                           
    22                           	psect	intcode_body
    23  00001C                     __pintcode_body:
    24                           	opt stack 0
    25                           
    26                           ; #config settings
    27  00001C                     int_func:
    28                           	opt stack 29
    29  00001C  0006               	pop		; remove dummy address from shadow register refresh
    30  00001E  CFEA F004          	movff	fsr0h,??_ISR+3
    31  000022  CFE1 F005          	movff	fsr1l,??_ISR+4
    32  000026  CFE2 F006          	movff	fsr1h,??_ISR+5
    33  00002A  CFD9 F007          	movff	fsr2l,??_ISR+6
    34  00002E  CFDA F008          	movff	fsr2h,??_ISR+7
    35  000032  CFF3 F009          	movff	prodl,??_ISR+8
    36  000036  CFF4 F00A          	movff	prodh,??_ISR+9
    37  00003A  CFF6 F00B          	movff	tblptrl,??_ISR+10
    38  00003E  CFF7 F00C          	movff	tblptrh,??_ISR+11
    39  000042  CFF8 F00D          	movff	tblptru,??_ISR+12
    40  000046  CFF5 F00E          	movff	tablat,??_ISR+13
    41                           
    42                           ;interrupt.c: 65: if(INTCONbits.INT0IF)
    43  00004A  A2F2               	btfss	intcon,1,c	;volatile
    44  00004C  D003               	goto	i2l34
    45                           
    46                           ;interrupt.c: 66: {
    47                           ;interrupt.c: 72: PORTAbits.RA4 =~PORTAbits.RA4 ;
    48  00004E  7880               	btg	3968,4,c	;volatile
    49                           
    50                           ;interrupt.c: 73: LATAbits.LATA5 = ~LATAbits.LATA5;
    51  000050  7A89               	btg	3977,5,c	;volatile
    52                           
    53                           ;interrupt.c: 74: INTCONbits.INT0IF = 0;
    54  000052  92F2               	bcf	intcon,1,c	;volatile
    55  000054                     i2l34:
    56  000054  C00E  FFF5         	movff	??_ISR+13,tablat
    57  000058  C00D  FFF8         	movff	??_ISR+12,tblptru
    58  00005C  C00C  FFF7         	movff	??_ISR+11,tblptrh
    59  000060  C00B  FFF6         	movff	??_ISR+10,tblptrl
    60  000064  C00A  FFF4         	movff	??_ISR+9,prodh
    61  000068  C009  FFF3         	movff	??_ISR+8,prodl
    62  00006C  C008  FFDA         	movff	??_ISR+7,fsr2h
    63  000070  C007  FFD9         	movff	??_ISR+6,fsr2l
    64  000074  C006  FFE2         	movff	??_ISR+5,fsr1h
    65  000078  C005  FFE1         	movff	??_ISR+4,fsr1l
    66  00007C  C004  FFEA         	movff	??_ISR+3,fsr0h
    67  000080  C003  FFE9         	movff	??_ISR+2,fsr0l
    68  000084  C002  FFFB         	movff	??_ISR+1,pclatu
    69  000088  C001  FFFA         	movff	??_ISR,pclath
    70  00008C  0011               	retfie		f
    71  00008E                     __end_of_ISR:
    72                           	opt stack 0
    73  0000                     pclatu	equ	0xFFB
    74                           pclath	equ	0xFFA
    75                           tblptru	equ	0xFF8
    76                           tblptrh	equ	0xFF7
    77                           tblptrl	equ	0xFF6
    78                           tablat	equ	0xFF5
    79                           prodh	equ	0xFF4
    80                           prodl	equ	0xFF3
    81                           intcon	equ	0xFF2
    82                           fsr0h	equ	0xFEA
    83                           fsr0l	equ	0xFE9
    84                           fsr1h	equ	0xFE2
    85                           fsr1l	equ	0xFE1
    86                           fsr2h	equ	0xFDA
    87                           fsr2l	equ	0xFD9
    88                           
    89                           	psect	cinit
    90  0000FA                     __pcinit:
    91                           	opt stack 0
    92  0000FA                     start_initialization:
    93                           	opt stack 0
    94  0000FA                     __initialization:
    95                           	opt stack 0
    96  0000FA                     end_of_initialization:
    97                           	opt stack 0
    98  0000FA                     __end_of__initialization:
    99                           	opt stack 0
   100  0000FA  0100               	movlb	0
   101  0000FC  EF66  F000         	goto	_main	;jump to C main() function
   102                           pclatu	equ	0xFFB
   103                           pclath	equ	0xFFA
   104                           tblptru	equ	0xFF8
   105                           tblptrh	equ	0xFF7
   106                           tblptrl	equ	0xFF6
   107                           tablat	equ	0xFF5
   108                           prodh	equ	0xFF4
   109                           prodl	equ	0xFF3
   110                           intcon	equ	0xFF2
   111                           fsr0h	equ	0xFEA
   112                           fsr0l	equ	0xFE9
   113                           fsr1h	equ	0xFE2
   114                           fsr1l	equ	0xFE1
   115                           fsr2h	equ	0xFDA
   116                           fsr2l	equ	0xFD9
   117                           
   118                           	psect	cstackCOMRAM
   119  000001                     __pcstackCOMRAM:
   120                           	opt stack 0
   121  000001                     ??_ISR:
   122                           
   123                           ; 0 bytes @ 0x0
   124  000001                     	ds	14
   125  00000F                     delayzz@i:
   126                           	opt stack 0
   127                           
   128                           ; 2 bytes @ 0xE
   129  00000F                     	ds	2
   130  000011                     delayzz@j:
   131                           	opt stack 0
   132                           
   133                           ; 2 bytes @ 0x10
   134  000011                     	ds	2
   135  000013                     pclatu	equ	0xFFB
   136                           pclath	equ	0xFFA
   137                           tblptru	equ	0xFF8
   138                           tblptrh	equ	0xFF7
   139                           tblptrl	equ	0xFF6
   140                           tablat	equ	0xFF5
   141                           prodh	equ	0xFF4
   142                           prodl	equ	0xFF3
   143                           intcon	equ	0xFF2
   144                           fsr0h	equ	0xFEA
   145                           fsr0l	equ	0xFE9
   146                           fsr1h	equ	0xFE2
   147                           fsr1l	equ	0xFE1
   148                           fsr2h	equ	0xFDA
   149                           fsr2l	equ	0xFD9
   150                           
   151                           ; 0 bytes @ 0x12
   152 ;;
   153 ;;Main: autosize = 0, tempsize = 0, incstack = 0, save=0
   154 ;;
   155 ;; *************** function _main *****************
   156 ;; Defined at:
   157 ;;		line 27 in file "interrupt.c"
   158 ;; Parameters:    Size  Location     Type
   159 ;;		None
   160 ;; Auto vars:     Size  Location     Type
   161 ;;		None
   162 ;; Return value:  Size  Location     Type
   163 ;;		None               void
   164 ;; Registers used:
   165 ;;		wreg, status,2, status,0, cstack
   166 ;; Tracked objects:
   167 ;;		On entry : 0/0
   168 ;;		On exit  : 0/0
   169 ;;		Unchanged: 0/0
   170 ;; Data sizes:     COMRAM   BANK0   BANK1   BANK2
   171 ;;      Params:         0       0       0       0
   172 ;;      Locals:         0       0       0       0
   173 ;;      Temps:          0       0       0       0
   174 ;;      Totals:         0       0       0       0
   175 ;;Total ram usage:        0 bytes
   176 ;; Hardware stack levels required when called:    2
   177 ;; This function calls:
   178 ;;		_delayzz
   179 ;; This function is called by:
   180 ;;		Startup code after reset
   181 ;; This function uses a non-reentrant model
   182 ;;
   183                           
   184                           	psect	text0
   185  0000CC                     __ptext0:
   186                           	opt stack 0
   187  0000CC                     _main:
   188                           	opt stack 29
   189                           
   190                           ;interrupt.c: 29: ADCON1 = 0x08;
   191                           
   192                           ;incstack = 0
   193  0000CC  0E08               	movlw	8
   194  0000CE  6EC1               	movwf	4033,c	;volatile
   195                           
   196                           ;interrupt.c: 30: TRISA = 0 ;
   197  0000D0  0E00               	movlw	0
   198  0000D2  6E92               	movwf	3986,c	;volatile
   199                           
   200                           ;interrupt.c: 31: TRISB = 1;
   201  0000D4  0E01               	movlw	1
   202  0000D6  6E93               	movwf	3987,c	;volatile
   203                           
   204                           ;interrupt.c: 32: LATA = 0;
   205  0000D8  0E00               	movlw	0
   206  0000DA  6E89               	movwf	3977,c	;volatile
   207                           
   208                           ;interrupt.c: 34: INTCONbits.GIE = 1;
   209  0000DC  8EF2               	bsf	intcon,7,c	;volatile
   210                           
   211                           ;interrupt.c: 36: INTCONbits.INT0IE =1;
   212  0000DE  88F2               	bsf	intcon,4,c	;volatile
   213                           
   214                           ;interrupt.c: 37: INTCONbits.INT0IF = 0;
   215  0000E0  92F2               	bcf	intcon,1,c	;volatile
   216                           
   217                           ;interrupt.c: 38: INTCON2bits.RBPU=0;
   218  0000E2  9EF1               	bcf	intcon2,7,c	;volatile
   219                           
   220                           ;interrupt.c: 44: PORTAbits.RA5 = 0;
   221  0000E4  9A80               	bcf	3968,5,c	;volatile
   222  0000E6                     l642:
   223                           
   224                           ;interrupt.c: 46: {
   225                           ;interrupt.c: 49: LATAbits.LATA5 = 1;
   226  0000E6  8A89               	bsf	3977,5,c	;volatile
   227                           
   228                           ;interrupt.c: 51: delayzz();
   229  0000E8  EC47  F000         	call	_delayzz	;wreg free
   230                           
   231                           ;interrupt.c: 52: LATAbits.LATA5 = 0;
   232  0000EC  9A89               	bcf	3977,5,c	;volatile
   233                           
   234                           ;interrupt.c: 53: delayzz();
   235  0000EE  EC47  F000         	call	_delayzz	;wreg free
   236                           
   237                           ;interrupt.c: 54: if(INTCONbits.INT0IF == 1)
   238  0000F2  A2F2               	btfss	intcon,1,c	;volatile
   239  0000F4  D7F8               	goto	l642
   240                           
   241                           ;interrupt.c: 55: {
   242                           ;interrupt.c: 56: PORTAbits.RA3 = 1;
   243  0000F6  8680               	bsf	3968,3,c	;volatile
   244  0000F8  D7F6               	goto	l642
   245  0000FA                     __end_of_main:
   246                           	opt stack 0
   247                           pclatu	equ	0xFFB
   248                           pclath	equ	0xFFA
   249                           tblptru	equ	0xFF8
   250                           tblptrh	equ	0xFF7
   251                           tblptrl	equ	0xFF6
   252                           tablat	equ	0xFF5
   253                           prodh	equ	0xFF4
   254                           prodl	equ	0xFF3
   255                           intcon	equ	0xFF2
   256                           intcon2	equ	0xFF1
   257                           fsr0h	equ	0xFEA
   258                           fsr0l	equ	0xFE9
   259                           fsr1h	equ	0xFE2
   260                           fsr1l	equ	0xFE1
   261                           fsr2h	equ	0xFDA
   262                           fsr2l	equ	0xFD9
   263                           
   264 ;; *************** function _delayzz *****************
   265 ;; Defined at:
   266 ;;		line 17 in file "interrupt.c"
   267 ;; Parameters:    Size  Location     Type
   268 ;;		None
   269 ;; Auto vars:     Size  Location     Type
   270 ;;  j               2   16[COMRAM] int 
   271 ;;  i               2   14[COMRAM] int 
   272 ;; Return value:  Size  Location     Type
   273 ;;		None               void
   274 ;; Registers used:
   275 ;;		wreg, status,2, status,0
   276 ;; Tracked objects:
   277 ;;		On entry : 0/0
   278 ;;		On exit  : 0/0
   279 ;;		Unchanged: 0/0
   280 ;; Data sizes:     COMRAM   BANK0   BANK1   BANK2
   281 ;;      Params:         0       0       0       0
   282 ;;      Locals:         4       0       0       0
   283 ;;      Temps:          0       0       0       0
   284 ;;      Totals:         4       0       0       0
   285 ;;Total ram usage:        4 bytes
   286 ;; Hardware stack levels used:    1
   287 ;; Hardware stack levels required when called:    1
   288 ;; This function calls:
   289 ;;		Nothing
   290 ;; This function is called by:
   291 ;;		_main
   292 ;; This function uses a non-reentrant model
   293 ;;
   294                           
   295                           	psect	text1
   296  00008E                     __ptext1:
   297                           	opt stack 0
   298  00008E                     _delayzz:
   299                           	opt stack 29
   300                           
   301                           ;interrupt.c: 19: for(i=0;i<100;i++)
   302                           
   303                           ;incstack = 0
   304  00008E  0E00               	movlw	0
   305  000090  6E10               	movwf	delayzz@i+1,c
   306  000092  0E00               	movlw	0
   307  000094  6E0F               	movwf	delayzz@i,c
   308  000096  5010               	movf	delayzz@i+1,w,c
   309  000098  0A80               	xorlw	128
   310  00009A  0F80               	addlw	-128
   311  00009C  0E64               	movlw	100
   312  00009E  B4D8               	btfsc	status,2,c
   313  0000A0  5C0F               	subwf	delayzz@i,w,c
   314  0000A2  B0D8               	btfsc	status,0,c
   315  0000A4  D012               	goto	l23
   316                           
   317                           ;interrupt.c: 20: {
   318                           ;interrupt.c: 21: for(j=0;j<2;j++)
   319  0000A6  0E00               	movlw	0
   320  0000A8  6E12               	movwf	delayzz@j+1,c
   321  0000AA  0E00               	movlw	0
   322  0000AC  6E11               	movwf	delayzz@j,c
   323  0000AE  5012               	movf	delayzz@j+1,w,c
   324  0000B0  0A80               	xorlw	128
   325  0000B2  0F80               	addlw	-128
   326  0000B4  0E02               	movlw	2
   327  0000B6  B4D8               	btfsc	status,2,c
   328  0000B8  5C11               	subwf	delayzz@j,w,c
   329  0000BA  B0D8               	btfsc	status,0,c
   330  0000BC  D003               	goto	l626
   331                           
   332                           ;interrupt.c: 22: { } } }
   333  0000BE  4A11               	infsnz	delayzz@j,f,c
   334  0000C0  2A12               	incf	delayzz@j+1,f,c
   335  0000C2  D7F5               	goto	L1
   336  0000C4                     l626:
   337  0000C4  4A0F               	infsnz	delayzz@i,f,c
   338  0000C6  2A10               	incf	delayzz@i+1,f,c
   339  0000C8  D7E6               	goto	L2
   340  0000CA                     l23:
   341  0000CA  0012               	return	
   342  0000CC                     __end_of_delayzz:
   343                           	opt stack 0
   344                           pclatu	equ	0xFFB
   345                           pclath	equ	0xFFA
   346                           tblptru	equ	0xFF8
   347                           tblptrh	equ	0xFF7
   348                           tblptrl	equ	0xFF6
   349                           tablat	equ	0xFF5
   350                           prodh	equ	0xFF4
   351                           prodl	equ	0xFF3
   352                           intcon	equ	0xFF2
   353                           intcon2	equ	0xFF1
   354                           fsr0h	equ	0xFEA
   355                           fsr0l	equ	0xFE9
   356                           fsr1h	equ	0xFE2
   357                           fsr1l	equ	0xFE1
   358                           fsr2h	equ	0xFDA
   359                           fsr2l	equ	0xFD9
   360                           status	equ	0xFD8
   361                           
   362 ;; *************** function _ISR *****************
   363 ;; Defined at:
   364 ;;		line 63 in file "interrupt.c"
   365 ;; Parameters:    Size  Location     Type
   366 ;;		None
   367 ;; Auto vars:     Size  Location     Type
   368 ;;		None
   369 ;; Return value:  Size  Location     Type
   370 ;;		None               void
   371 ;; Registers used:
   372 ;;		None
   373 ;; Tracked objects:
   374 ;;		On entry : 0/0
   375 ;;		On exit  : 0/0
   376 ;;		Unchanged: 0/0
   377 ;; Data sizes:     COMRAM   BANK0   BANK1   BANK2
   378 ;;      Params:         0       0       0       0
   379 ;;      Locals:         0       0       0       0
   380 ;;      Temps:         14       0       0       0
   381 ;;      Totals:        14       0       0       0
   382 ;;Total ram usage:       14 bytes
   383 ;; Hardware stack levels used:    1
   384 ;; This function calls:
   385 ;;		Nothing
   386 ;; This function is called by:
   387 ;;		Interrupt level 2
   388 ;; This function uses a non-reentrant model
   389 ;;
   390                           
   391                           	psect	intcode
   392  000008                     __pintcode:
   393                           	opt stack 0
   394  000008                     _ISR:
   395                           	opt stack 29
   396                           
   397                           ;incstack = 0
   398  000008  CFFA F001          	movff	pclath,??_ISR
   399  00000C  CFFB F002          	movff	pclatu,??_ISR+1
   400  000010  CFE9 F003          	movff	fsr0l,??_ISR+2
   401  000014  ED0E  F000         	call	int_func,f	;refresh shadow registers
   402                           pclatu	equ	0xFFB
   403                           pclath	equ	0xFFA
   404                           tblptru	equ	0xFF8
   405                           tblptrh	equ	0xFF7
   406                           tblptrl	equ	0xFF6
   407                           tablat	equ	0xFF5
   408                           prodh	equ	0xFF4
   409                           prodl	equ	0xFF3
   410                           intcon	equ	0xFF2
   411                           intcon2	equ	0xFF1
   412                           fsr0h	equ	0xFEA
   413                           fsr0l	equ	0xFE9
   414                           fsr1h	equ	0xFE2
   415                           fsr1l	equ	0xFE1
   416                           fsr2h	equ	0xFDA
   417                           fsr2l	equ	0xFD9
   418                           status	equ	0xFD8
   419                           pclatu	equ	0xFFB
   420                           pclath	equ	0xFFA
   421                           tblptru	equ	0xFF8
   422                           tblptrh	equ	0xFF7
   423                           tblptrl	equ	0xFF6
   424                           tablat	equ	0xFF5
   425                           prodh	equ	0xFF4
   426                           prodl	equ	0xFF3
   427                           intcon	equ	0xFF2
   428                           intcon2	equ	0xFF1
   429                           fsr0h	equ	0xFEA
   430                           fsr0l	equ	0xFE9
   431                           fsr1h	equ	0xFE2
   432                           fsr1l	equ	0xFE1
   433                           fsr2h	equ	0xFDA
   434                           fsr2l	equ	0xFD9
   435                           status	equ	0xFD8
   436                           
   437                           	psect	rparam
   438  0000                     pclatu	equ	0xFFB
   439                           pclath	equ	0xFFA
   440                           tblptru	equ	0xFF8
   441                           tblptrh	equ	0xFF7
   442                           tblptrl	equ	0xFF6
   443                           tablat	equ	0xFF5
   444                           prodh	equ	0xFF4
   445                           prodl	equ	0xFF3
   446                           intcon	equ	0xFF2
   447                           intcon2	equ	0xFF1
   448                           fsr0h	equ	0xFEA
   449                           fsr0l	equ	0xFE9
   450                           fsr1h	equ	0xFE2
   451                           fsr1l	equ	0xFE1
   452                           fsr2h	equ	0xFDA
   453                           fsr2l	equ	0xFD9
   454                           status	equ	0xFD8


Data Sizes:
    Strings     0
    Constant    0
    Data        0
    BSS         0
    Persistent  0
    Stack       0

Auto Spaces:
    Space          Size  Autos    Used
    COMRAM           95     18      18
    BANK0           160      0       0
    BANK1           256      0       0
    BANK2           256      0       0

Pointer List with Targets:

    None.

Critical Paths under _main in COMRAM

    _main->_delayzz

Critical Paths under _ISR in COMRAM

    None.

Critical Paths under _main in BANK0

    None.

Critical Paths under _ISR in BANK0

    None.

Critical Paths under _main in BANK1

    None.

Critical Paths under _ISR in BANK1

    None.

Critical Paths under _main in BANK2

    None.

Critical Paths under _ISR in BANK2

    None.

Call Graph Tables:

 ---------------------------------------------------------------------------------
 (Depth) Function   	        Calls       Base Space   Used Autos Params    Refs
 ---------------------------------------------------------------------------------
 (0) _main                                                 0     0      0      60
                            _delayzz
 ---------------------------------------------------------------------------------
 (1) _delayzz                                              4     4      0      60
                                             14 COMRAM     4     4      0
 ---------------------------------------------------------------------------------
 Estimated maximum stack depth 1
 ---------------------------------------------------------------------------------
 (Depth) Function   	        Calls       Base Space   Used Autos Params    Refs
 ---------------------------------------------------------------------------------
 (2) _ISR                                                 14    14      0       0
                                              0 COMRAM    14    14      0
 ---------------------------------------------------------------------------------
 Estimated maximum stack depth 2
 ---------------------------------------------------------------------------------

 Call Graph Graphs:

 _main (ROOT)
   _delayzz

 _ISR (ROOT)

 Address spaces:
Name               Size   Autos  Total    Cost      Usage
BITCOMRAM           5F      0       0       0        0.0%
EEDATA             100      0       0       0        0.0%
NULL                 0      0       0       0        0.0%
CODE                 0      0       0       0        0.0%
COMRAM              5F     12      12       1       18.9%
STACK                0      0       0       2        0.0%
BITBANK0            A0      0       0       3        0.0%
BANK0               A0      0       0       4        0.0%
BITBANK1           100      0       0       5        0.0%
BANK1              100      0       0       6        0.0%
BITBANK2           100      0       0       7        0.0%
BANK2              100      0       0       8        0.0%
ABS                  0      0       0       9        0.0%
BIGRAM             2FF      0       0      10        0.0%
DATA                 0      0       0      11        0.0%
BITSFR_3             0      0       0      40        0.0%
SFR_3                0      0       0      40        0.0%
BITSFR_2             0      0       0      40        0.0%
SFR_2                0      0       0      40        0.0%
BITSFR_1             0      0       0      40        0.0%
SFR_1                0      0       0      40        0.0%
BITSFR               0      0       0      40        0.0%
SFR                  0      0       0      40        0.0%


Microchip Technology PIC18 Macro Assembler V1.33 build 59893 
Symbol Table                                                                                   Thu Jul 30 09:04:24 2015

                     l23 00CA                      l626 00C4                      l642 00E6  
                    _ISR 0008             __CFG_LVP$OFF 000000                     ?_ISR 0001  
           __CFG_WDT$OFF 000000                     _LATA 000F89                     i2l34 0054  
                   _main 00CC                     fsr0h 000FEA                     fsr1h 000FE2  
                   fsr0l 000FE9                     fsr2h 000FDA                     fsr1l 000FE1  
                   fsr2l 000FD9                     pclat 000FFA                     prodh 000FF4  
                   prodl 000FF3                     start 0018                    ??_ISR 0001  
                  ?_main 0001                    _TRISA 000F92                    _TRISB 000F93  
        __end_of_delayzz 00CC           __CFG_BOREN$OFF 000000                    tablat 000FF5  
                  status 000FD8           __CFG_MCLRE$OFF 000000          __initialization 00FA  
           __end_of_main 00FA                   ??_main 0013            __activetblptr 000000  
                 _ADCON1 000FC1                ??_delayzz 000F                   tblptrh 000FF7  
                 tblptrl 000FF6                   tblptru 000FF8               __accesstop 0060  
__end_of__initialization 00FA           __pcstackCOMRAM 0001                  __Hparam 0000  
                __Lparam 0000                  __pcinit 00FA                  __ramtop 0300  
                _delayzz 008E                  __ptext0 00CC                  __ptext1 008E  
           __size_of_ISR 0086           __pintcode_body 001C     end_of_initialization 00FA  
                int_func 001C                _PORTAbits 000F80      start_initialization 00FA  
            __end_of_ISR 008E         __CFG_OSC$IRCIO67 000000                __pintcode 0008  
               ?_delayzz 0001                 _LATAbits 000F89              _INTCON2bits 000FF1  
               __Hrparam 0000                 __Lrparam 0000         __size_of_delayzz 003E  
          __size_of_main 002E                 delayzz@i 000F                 delayzz@j 0011  
             _INTCONbits 000FF2                 intlevel2 0000  
