

Microchip Technology PIC18 LITE Macro Assembler V1.33 build 59893 
                                                                                               Sat Jul 25 14:00:23 2015

Microchip Technology Omniscient Code Generator (Lite mode) build 59893
     1                           	processor	18F4550
     2                           	fnconf	rparam,??,?,0
     3                           	opt	pw 120
     4                           	opt	lm
     5                           	psect	idataCOMRAM,global,class=CODE,delta=1
     6                           	psect	nvCOMRAM,global,class=COMRAM,space=1,delta=1
     7                           	psect	cinit,global,reloc=2,class=CODE,delta=1
     8                           	psect	bssCOMRAM,global,class=COMRAM,space=1,delta=1
     9                           	psect	dataCOMRAM,global,class=COMRAM,space=1,delta=1
    10                           	psect	bssBANK1,global,class=BANK1,space=1,delta=1
    11                           	psect	cstackCOMRAM,global,class=COMRAM,space=1,delta=1
    12                           	psect	text0,global,reloc=2,class=CODE,delta=1
    13                           	psect	text1,global,reloc=2,class=CODE,delta=1
    14                           	psect	text2,global,reloc=2,class=CODE,delta=1
    15                           	psect	intcode,global,reloc=2,class=CODE,delta=1
    16                           	psect	intcode_body,global,reloc=2,class=CODE,delta=1
    17                           	psect	text4,global,reloc=2,class=CODE,delta=1
    18                           	psect	text5,global,reloc=2,class=CODE,delta=1
    19                           	psect	text6,global,reloc=2,class=CODE,delta=1
    20                           	psect	intsave_regs,global,class=BIGRAM,space=1,delta=1
    21                           	psect	rparam,global,class=COMRAM,space=1,delta=1
    22  0000                     
    23                           	psect	idataCOMRAM
    24  000278                     __pidataCOMRAM:
    25                           	opt stack 0
    26                           
    27                           ;initializer for _MsgFromPIC
    28  000278  0D                 	db	13
    29  000279  0A                 	db	10
    30  00027A  59                 	db	89
    31  00027B  6F                 	db	111
    32  00027C  75                 	db	117
    33  00027D  20                 	db	32
    34  00027E  74                 	db	116
    35  00027F  79                 	db	121
    36  000280  70                 	db	112
    37  000281  65                 	db	101
    38  000282  64                 	db	100
    39  000283  20                 	db	32
    40  000284  3A                 	db	58
    41  000285  00                 	db	0
    42  0000                     _INTCONbits	set	4082
    43  0000                     _OSCCONbits	set	4051
    44  0000                     _PIE1bits	set	3997
    45  0000                     _PIR1bits	set	3998
    46  0000                     _RCREG	set	4014
    47  0000                     _RCSTA	set	4011
    48  0000                     _RCSTAbits	set	4011
    49  0000                     _SPBRG	set	4015
    50  0000                     _SPBRGH	set	4016
    51  0000                     _TRISCbits	set	3988
    52  0000                     _TXREG	set	4013
    53  0000                     _TXSTA	set	4012
    54  0000                     _TXSTAbits	set	4012
    55  0000                     _PEIE	set	32662
    56  0000                     _RCIE	set	31981
    57  0000                     _RCIF	set	31989
    58  0000                     _RCIP	set	31997
    59                           
    60                           	psect	nvCOMRAM
    61  00002E                     __pnvCOMRAM:
    62                           	opt stack 0
    63  00002E                     _UART1Config:
    64                           	opt stack 0
    65  00002E                     	ds	1
    66  00002F                     _baud:
    67                           	opt stack 0
    68  00002F                     	ds	1
    69                           
    70                           ; #config settings
    71                           
    72                           	psect	cinit
    73  0001C2                     __pcinit:
    74                           	opt stack 0
    75  0001C2                     start_initialization:
    76                           	opt stack 0
    77  0001C2                     __initialization:
    78                           	opt stack 0
    79                           
    80                           ; Clear objects allocated to BANK1 (200 bytes)
    81  0001C2  EE01  F000         	lfsr	0,__pbssBANK1
    82  0001C6  0EC8               	movlw	200
    83  0001C8                     clear_0:
    84  0001C8  6AEE               	clrf	postinc0,c
    85  0001CA  06E8               	decf	wreg,f,c
    86  0001CC  E1FD               	bnz	clear_0
    87                           
    88                           ; Clear objects allocated to COMRAM (3 bytes)
    89  0001CE  6A2D               	clrf	(__pbssCOMRAM+2)& (0+255),c
    90  0001D0  6A2C               	clrf	(__pbssCOMRAM+1)& (0+255),c
    91  0001D2  6A2B               	clrf	__pbssCOMRAM& (0+255),c
    92                           
    93                           ; Initialize objects allocated to COMRAM (14 bytes)
    94                           ; load TBLPTR registers with __pidataCOMRAM
    95  0001D4  0E78               	movlw	low __pidataCOMRAM
    96  0001D6  6EF6               	movwf	tblptrl,c
    97  0001D8  0E02               	movlw	high __pidataCOMRAM
    98  0001DA  6EF7               	movwf	tblptrh,c
    99  0001DC  0E00               	movlw	low (__pidataCOMRAM shr (0+16))
   100  0001DE  6EF8               	movwf	tblptru,c
   101  0001E0  EE00  F01D         	lfsr	0,__pdataCOMRAM
   102  0001E4  EE10 F00E          	lfsr	1,14
   103  0001E8                     copy_data0:
   104  0001E8  0009               	tblrd		*+
   105  0001EA  CFF5 FFEE          	movff	tablat,postinc0
   106  0001EE  50E5               	movf	postdec1,w,c
   107  0001F0  50E1               	movf	fsr1l,w,c
   108  0001F2  E1FA               	bnz	copy_data0
   109  0001F4                     end_of_initialization:
   110                           	opt stack 0
   111  0001F4                     __end_of__initialization:
   112                           	opt stack 0
   113  0001F4  0100               	movlb	0
   114  0001F6  EFFD  F000         	goto	_main	;jump to C main() function
   115                           tblptru	equ	0xFF8
   116                           tblptrh	equ	0xFF7
   117                           tblptrl	equ	0xFF6
   118                           tablat	equ	0xFF5
   119                           postinc0	equ	0xFEE
   120                           wreg	equ	0xFE8
   121                           postdec1	equ	0xFE5
   122                           fsr1l	equ	0xFE1
   123                           
   124                           	psect	bssCOMRAM
   125  00002B                     __pbssCOMRAM:
   126                           	opt stack 0
   127  00002B                     _i:
   128                           	opt stack 0
   129  00002B                     	ds	2
   130  00002D                     _USART_Status:
   131                           	opt stack 0
   132  00002D                     	ds	1
   133                           tblptru	equ	0xFF8
   134                           tblptrh	equ	0xFF7
   135                           tblptrl	equ	0xFF6
   136                           tablat	equ	0xFF5
   137                           postinc0	equ	0xFEE
   138                           wreg	equ	0xFE8
   139                           postdec1	equ	0xFE5
   140                           fsr1l	equ	0xFE1
   141                           
   142                           	psect	dataCOMRAM
   143  00001D                     __pdataCOMRAM:
   144                           	opt stack 0
   145  00001D                     _MsgFromPIC:
   146                           	opt stack 0
   147  00001D                     	ds	14
   148                           tblptru	equ	0xFF8
   149                           tblptrh	equ	0xFF7
   150                           tblptrl	equ	0xFF6
   151                           tablat	equ	0xFF5
   152                           postinc0	equ	0xFEE
   153                           wreg	equ	0xFE8
   154                           postdec1	equ	0xFE5
   155                           fsr1l	equ	0xFE1
   156                           
   157                           	psect	bssBANK1
   158  000100                     __pbssBANK1:
   159                           	opt stack 0
   160  000100                     _MessageBuffer:
   161                           	opt stack 0
   162  000100                     	ds	200
   163                           tblptru	equ	0xFF8
   164                           tblptrh	equ	0xFF7
   165                           tblptrl	equ	0xFF6
   166                           tablat	equ	0xFF5
   167                           postinc0	equ	0xFEE
   168                           wreg	equ	0xFE8
   169                           postdec1	equ	0xFE5
   170                           fsr1l	equ	0xFE1
   171                           
   172                           	psect	cstackCOMRAM
   173  000001                     __pcstackCOMRAM:
   174                           	opt stack 0
   175  000001                     ReadUSART@data:
   176                           	opt stack 0
   177  000001                     WriteUSART@data:
   178                           	opt stack 0
   179                           
   180                           ; 1 bytes @ 0x0
   181  000001                     	ds	1
   182  000002                     putsUSART@data:
   183                           	opt stack 0
   184                           
   185                           ; 2 bytes @ 0x1
   186  000002                     	ds	2
   187  000004                     ??_SerialRxPinInterrupt:
   188                           
   189                           ; 0 bytes @ 0x3
   190  000004                     	ds	14
   191  000012                     OpenUSART@spbrg:
   192                           	opt stack 0
   193                           
   194                           ; 2 bytes @ 0x11
   195  000012                     	ds	2
   196  000014                     ??_OpenUSART:
   197                           
   198                           ; 0 bytes @ 0x13
   199  000014                     	ds	3
   200  000017                     OpenUSART@config:
   201                           	opt stack 0
   202                           
   203                           ; 1 bytes @ 0x16
   204  000017                     	ds	1
   205  000018                     
   206                           ; 2 bytes @ 0x17
   207  000018                     	ds	2
   208  00001A                     
   209                           ; 3 bytes @ 0x19
   210  00001A                     	ds	3
   211  00001D                     tblptru	equ	0xFF8
   212                           tblptrh	equ	0xFF7
   213                           tblptrl	equ	0xFF6
   214                           tablat	equ	0xFF5
   215                           postinc0	equ	0xFEE
   216                           wreg	equ	0xFE8
   217                           postdec1	equ	0xFE5
   218                           fsr1l	equ	0xFE1
   219                           
   220                           ; 0 bytes @ 0x1C
   221 ;;
   222 ;;Main: autosize = 0, tempsize = 0, incstack = 0, save=0
   223 ;;
   224 ;; *************** function _main *****************
   225 ;; Defined at:
   226 ;;		line 23 in file "18f4550uart.c"
   227 ;; Parameters:    Size  Location     Type
   228 ;;  argc            2   23[COMRAM] int 
   229 ;;  argv            3   25[COMRAM] PTR PTR unsigned char 
   230 ;; Auto vars:     Size  Location     Type
   231 ;;		None
   232 ;; Return value:  Size  Location     Type
   233 ;;		None               void
   234 ;; Registers used:
   235 ;;		wreg, status,2, cstack
   236 ;; Tracked objects:
   237 ;;		On entry : 0/0
   238 ;;		On exit  : 0/0
   239 ;;		Unchanged: 0/0
   240 ;; Data sizes:     COMRAM   BANK0   BANK1   BANK2   BANK3   BANK4   BANK5   BANK6   BANK7
   241 ;;      Params:         5       0       0       0       0       0       0       0       0
   242 ;;      Locals:         0       0       0       0       0       0       0       0       0
   243 ;;      Temps:          0       0       0       0       0       0       0       0       0
   244 ;;      Totals:         5       0       0       0       0       0       0       0       0
   245 ;;Total ram usage:        5 bytes
   246 ;; Hardware stack levels required when called:    4
   247 ;; This function calls:
   248 ;;		_OpenUSART
   249 ;;		_SetupClock
   250 ;; This function is called by:
   251 ;;		Startup code after reset
   252 ;; This function uses a non-reentrant model
   253 ;;
   254                           
   255                           	psect	text0
   256  0001FA                     __ptext0:
   257                           	opt stack 0
   258  0001FA                     _main:
   259                           	opt stack 27
   260                           
   261                           ;18f4550uart.c: 25: SetupClock();
   262                           
   263                           ;incstack = 0
   264  0001FA  EC43  F001         	call	_SetupClock	;wreg free
   265                           
   266                           ;18f4550uart.c: 27: TRISCbits.RC6 = 0;
   267  0001FE  9C94               	bcf	3988,6,c	;volatile
   268                           
   269                           ;18f4550uart.c: 28: TRISCbits.RC7 = 1;
   270  000200  8E94               	bsf	3988,7,c	;volatile
   271                           
   272                           ;18f4550uart.c: 30: UART1Config = 0b01111111 & 0b11111111 & 0b11111110 & 0b11111101 & 0b
      +                          11111111 ;
   273  000202  0E7C               	movlw	124
   274  000204  6E2E               	movwf	_UART1Config,c
   275                           
   276                           ;18f4550uart.c: 31: baud = 51;
   277  000206  0E33               	movlw	51
   278  000208  6E2F               	movwf	_baud,c
   279                           
   280                           ;18f4550uart.c: 32: OpenUSART(UART1Config,baud);
   281  00020A  C02F  F012         	movff	_baud,OpenUSART@spbrg
   282  00020E  6A13               	clrf	OpenUSART@spbrg+1,c
   283  000210  502E               	movf	_UART1Config,w,c
   284  000212  ECAD  F000         	call	_OpenUSART
   285                           
   286                           ;18f4550uart.c: 36: RCIF = 0;
   287  000216  9A9E               	bcf	3998,5,c	;volatile
   288                           
   289                           ;18f4550uart.c: 37: RCIP = 0;
   290  000218  9A9F               	bcf	3999,5,c	;volatile
   291                           
   292                           ;18f4550uart.c: 38: RCIE = 1;
   293  00021A  8A9D               	bsf	3997,5,c	;volatile
   294                           
   295                           ;18f4550uart.c: 39: PEIE = 1;
   296  00021C  8CF2               	bsf	intcon,6,c	;volatile
   297                           
   298                           ;18f4550uart.c: 41: (INTCONbits.GIE = 1);
   299  00021E  8EF2               	bsf	intcon,7,c	;volatile
   300  000220                     l37:
   301                           
   302                           ;18f4550uart.c: 44: {
   303  000220  D7FF               	goto	l37
   304  000222                     __end_of_main:
   305                           	opt stack 0
   306                           tblptru	equ	0xFF8
   307                           tblptrh	equ	0xFF7
   308                           tblptrl	equ	0xFF6
   309                           tablat	equ	0xFF5
   310                           intcon	equ	0xFF2
   311                           postinc0	equ	0xFEE
   312                           wreg	equ	0xFE8
   313                           postdec1	equ	0xFE5
   314                           fsr1l	equ	0xFE1
   315                           
   316 ;; *************** function _SetupClock *****************
   317 ;; Defined at:
   318 ;;		line 49 in file "18f4550uart.c"
   319 ;; Parameters:    Size  Location     Type
   320 ;;		None
   321 ;; Auto vars:     Size  Location     Type
   322 ;;		None
   323 ;; Return value:  Size  Location     Type
   324 ;;		None               void
   325 ;; Registers used:
   326 ;;		None
   327 ;; Tracked objects:
   328 ;;		On entry : 0/0
   329 ;;		On exit  : 0/0
   330 ;;		Unchanged: 0/0
   331 ;; Data sizes:     COMRAM   BANK0   BANK1   BANK2   BANK3   BANK4   BANK5   BANK6   BANK7
   332 ;;      Params:         0       0       0       0       0       0       0       0       0
   333 ;;      Locals:         0       0       0       0       0       0       0       0       0
   334 ;;      Temps:          0       0       0       0       0       0       0       0       0
   335 ;;      Totals:         0       0       0       0       0       0       0       0       0
   336 ;;Total ram usage:        0 bytes
   337 ;; Hardware stack levels used:    1
   338 ;; Hardware stack levels required when called:    3
   339 ;; This function calls:
   340 ;;		Nothing
   341 ;; This function is called by:
   342 ;;		_main
   343 ;; This function uses a non-reentrant model
   344 ;;
   345                           
   346                           	psect	text1
   347  000286                     __ptext1:
   348                           	opt stack 0
   349  000286                     _SetupClock:
   350                           	opt stack 27
   351                           
   352                           ;18f4550uart.c: 51: OSCCONbits.IRCF0 = 1;
   353                           
   354                           ;incstack = 0
   355  000286  88D3               	bsf	4051,4,c	;volatile
   356                           
   357                           ;18f4550uart.c: 52: OSCCONbits.IRCF1 = 1;
   358  000288  8AD3               	bsf	4051,5,c	;volatile
   359                           
   360                           ;18f4550uart.c: 53: OSCCONbits.IRCF2 = 1;
   361  00028A  8CD3               	bsf	4051,6,c	;volatile
   362  00028C  0012               	return	
   363  00028E                     __end_of_SetupClock:
   364                           	opt stack 0
   365                           tblptru	equ	0xFF8
   366                           tblptrh	equ	0xFF7
   367                           tblptrl	equ	0xFF6
   368                           tablat	equ	0xFF5
   369                           intcon	equ	0xFF2
   370                           postinc0	equ	0xFEE
   371                           wreg	equ	0xFE8
   372                           postdec1	equ	0xFE5
   373                           fsr1l	equ	0xFE1
   374                           
   375 ;; *************** function _OpenUSART *****************
   376 ;; Defined at:
   377 ;;		line 73 in file "C:\Program Files\Microchip\xc8\v1.33\sources\pic18\plib\USART\uopen.c"
   378 ;; Parameters:    Size  Location     Type
   379 ;;  config          1    wreg     unsigned char 
   380 ;;  spbrg           2   17[COMRAM] unsigned int 
   381 ;; Auto vars:     Size  Location     Type
   382 ;;  config          1   22[COMRAM] unsigned char 
   383 ;; Return value:  Size  Location     Type
   384 ;;		None               void
   385 ;; Registers used:
   386 ;;		wreg, status,2
   387 ;; Tracked objects:
   388 ;;		On entry : 0/0
   389 ;;		On exit  : 0/0
   390 ;;		Unchanged: 0/0
   391 ;; Data sizes:     COMRAM   BANK0   BANK1   BANK2   BANK3   BANK4   BANK5   BANK6   BANK7
   392 ;;      Params:         2       0       0       0       0       0       0       0       0
   393 ;;      Locals:         1       0       0       0       0       0       0       0       0
   394 ;;      Temps:          3       0       0       0       0       0       0       0       0
   395 ;;      Totals:         6       0       0       0       0       0       0       0       0
   396 ;;Total ram usage:        6 bytes
   397 ;; Hardware stack levels used:    1
   398 ;; Hardware stack levels required when called:    3
   399 ;; This function calls:
   400 ;;		Nothing
   401 ;; This function is called by:
   402 ;;		_main
   403 ;; This function uses a non-reentrant model
   404 ;;
   405                           
   406                           	psect	text2
   407  00015A                     __ptext2:
   408                           	opt stack 0
   409  00015A                     _OpenUSART:
   410                           	opt stack 27
   411                           
   412                           ;incstack = 0
   413                           ;OpenUSART@config stored from wreg
   414  00015A  6E17               	movwf	OpenUSART@config,c
   415  00015C  0E00               	movlw	0
   416  00015E  6EAC               	movwf	4012,c	;volatile
   417  000160  0E00               	movlw	0
   418  000162  6EAB               	movwf	4011,c	;volatile
   419  000164  B017               	btfsc	OpenUSART@config,0,c
   420  000166  88AC               	bsf	4012,4,c	;volatile
   421  000168  A217               	btfss	OpenUSART@config,1,c
   422  00016A  D002               	goto	l731
   423  00016C  8CAC               	bsf	4012,6,c	;volatile
   424  00016E  8CAB               	bsf	4011,6,c	;volatile
   425  000170                     l731:
   426  000170  B417               	btfsc	OpenUSART@config,2,c
   427  000172  8EAC               	bsf	4012,7,c	;volatile
   428  000174  A617               	btfss	OpenUSART@config,3,c
   429  000176  D002               	goto	l80
   430  000178  88AB               	bsf	4011,4,c	;volatile
   431  00017A  D001               	goto	l739
   432  00017C                     l80:
   433  00017C  8AAB               	bsf	4011,5,c	;volatile
   434  00017E                     l739:
   435  00017E  B817               	btfsc	OpenUSART@config,4,c
   436  000180  84AC               	bsf	4012,2,c	;volatile
   437  000182  989E               	bcf	3998,4,c	;volatile
   438  000184  BA17               	btfsc	OpenUSART@config,5,c
   439  000186  86AB               	bsf	4011,3,c	;volatile
   440  000188  AC17               	btfss	OpenUSART@config,6,c
   441  00018A  D002               	goto	l84
   442  00018C  8A9D               	bsf	3997,5,c	;volatile
   443  00018E  D001               	goto	l85
   444  000190                     l84:
   445  000190  9A9D               	bcf	3997,5,c	;volatile
   446  000192                     l85:
   447  000192  9A9E               	bcf	3998,5,c	;volatile
   448  000194  AE17               	btfss	OpenUSART@config,7,c
   449  000196  D002               	goto	l86
   450  000198  889D               	bsf	3997,4,c	;volatile
   451  00019A  D001               	goto	l87
   452  00019C                     l86:
   453  00019C  989D               	bcf	3997,4,c	;volatile
   454  00019E                     l87:
   455  00019E  C012  FFAF         	movff	OpenUSART@spbrg,4015	;volatile
   456  0001A2  C013  F014         	movff	OpenUSART@spbrg+1,??_OpenUSART
   457  0001A6  C014  F015         	movff	??_OpenUSART,??_OpenUSART+1
   458  0001AA  6A16               	clrf	(??_OpenUSART+2)& (0+255),c
   459  0001AC  5015               	movf	??_OpenUSART+1,w,c
   460  0001AE  6EB0               	movwf	4016,c	;volatile
   461  0001B0  8AAC               	bsf	4012,5,c	;volatile
   462  0001B2  8EAB               	bsf	4011,7,c	;volatile
   463  0001B4  9C94               	bcf	3988,6,c	;volatile
   464  0001B6  8E94               	bsf	3988,7,c	;volatile
   465  0001B8  B8AC               	btfsc	4012,4,c	;volatile
   466  0001BA  BEAC               	btfsc	4012,7,c	;volatile
   467  0001BC  D001               	goto	l89
   468  0001BE  8C94               	bsf	3988,6,c	;volatile
   469  0001C0                     l89:
   470  0001C0  0012               	return	
   471  0001C2                     __end_of_OpenUSART:
   472                           	opt stack 0
   473                           tblptru	equ	0xFF8
   474                           tblptrh	equ	0xFF7
   475                           tblptrl	equ	0xFF6
   476                           tablat	equ	0xFF5
   477                           intcon	equ	0xFF2
   478                           postinc0	equ	0xFEE
   479                           wreg	equ	0xFE8
   480                           postdec1	equ	0xFE5
   481                           fsr1l	equ	0xFE1
   482                           
   483 ;; *************** function _SerialRxPinInterrupt *****************
   484 ;; Defined at:
   485 ;;		line 56 in file "18f4550uart.c"
   486 ;; Parameters:    Size  Location     Type
   487 ;;		None
   488 ;; Auto vars:     Size  Location     Type
   489 ;;		None
   490 ;; Return value:  Size  Location     Type
   491 ;;		None               void
   492 ;; Registers used:
   493 ;;		wreg, fsr2l, fsr2h, status,2, status,0, prodl, cstack
   494 ;; Tracked objects:
   495 ;;		On entry : 0/0
   496 ;;		On exit  : 0/0
   497 ;;		Unchanged: 0/0
   498 ;; Data sizes:     COMRAM   BANK0   BANK1   BANK2   BANK3   BANK4   BANK5   BANK6   BANK7
   499 ;;      Params:         0       0       0       0       0       0       0       0       0
   500 ;;      Locals:         0       0       0       0       0       0       0       0       0
   501 ;;      Temps:         14       0       0       0       0       0       0       0       0
   502 ;;      Totals:        14       0       0       0       0       0       0       0       0
   503 ;;Total ram usage:       14 bytes
   504 ;; Hardware stack levels used:    1
   505 ;; Hardware stack levels required when called:    2
   506 ;; This function calls:
   507 ;;		_ReadUSART
   508 ;;		_putsUSART
   509 ;; This function is called by:
   510 ;;		Interrupt level 2
   511 ;; This function uses a non-reentrant model
   512 ;;
   513                           
   514                           	psect	intcode
   515  000008                     __pintcode:
   516                           	opt stack 0
   517  000008                     _SerialRxPinInterrupt:
   518                           	opt stack 27
   519                           
   520                           ;incstack = 0
   521  000008  CFFA F004          	movff	pclath,??_SerialRxPinInterrupt
   522  00000C  CFFB F005          	movff	pclatu,??_SerialRxPinInterrupt+1
   523  000010  CFE9 F006          	movff	fsr0l,??_SerialRxPinInterrupt+2
   524  000014  ED0E  F000         	call	int_func,f	;refresh shadow registers
   525                           pclatu	equ	0xFFB
   526                           pclath	equ	0xFFA
   527                           tblptru	equ	0xFF8
   528                           tblptrh	equ	0xFF7
   529                           tblptrl	equ	0xFF6
   530                           tablat	equ	0xFF5
   531                           intcon	equ	0xFF2
   532                           postinc0	equ	0xFEE
   533                           fsr0l	equ	0xFE9
   534                           wreg	equ	0xFE8
   535                           postdec1	equ	0xFE5
   536                           fsr1l	equ	0xFE1
   537                           
   538                           	psect	intcode_body
   539  00001C                     __pintcode_body:
   540                           	opt stack 27
   541  00001C                     int_func:
   542                           	opt stack 27
   543  00001C  0006               	pop		; remove dummy address from shadow register refresh
   544  00001E  CFEA F007          	movff	fsr0h,??_SerialRxPinInterrupt+3
   545  000022  CFE1 F008          	movff	fsr1l,??_SerialRxPinInterrupt+4
   546  000026  CFE2 F009          	movff	fsr1h,??_SerialRxPinInterrupt+5
   547  00002A  CFD9 F00A          	movff	fsr2l,??_SerialRxPinInterrupt+6
   548  00002E  CFDA F00B          	movff	fsr2h,??_SerialRxPinInterrupt+7
   549  000032  CFF3 F00C          	movff	prodl,??_SerialRxPinInterrupt+8
   550  000036  CFF4 F00D          	movff	prodh,??_SerialRxPinInterrupt+9
   551  00003A  CFF6 F00E          	movff	tblptrl,??_SerialRxPinInterrupt+10
   552  00003E  CFF7 F00F          	movff	tblptrh,??_SerialRxPinInterrupt+11
   553  000042  CFF8 F010          	movff	tblptru,??_SerialRxPinInterrupt+12
   554  000046  CFF5 F011          	movff	tablat,??_SerialRxPinInterrupt+13
   555                           
   556                           ;18f4550uart.c: 59: if(PIR1bits.RCIF == 1)
   557  00004A  AA9E               	btfss	3998,5,c	;volatile
   558  00004C  D069               	goto	i2l52
   559                           
   560                           ;18f4550uart.c: 60: {
   561                           ;18f4550uart.c: 61: if(i<200)
   562  00004E  502C               	movf	_i+1,w,c
   563  000050  0A80               	xorlw	128
   564  000052  6EF3               	movwf	prodl,c
   565  000054  0E80               	movlw	128
   566  000056  5CF3               	subwf	prodl,w,c
   567  000058  0EC8               	movlw	200
   568  00005A  B4D8               	btfsc	status,2,c
   569  00005C  5C2B               	subwf	_i,w,c
   570  00005E  B0D8               	btfsc	status,0,c
   571  000060  D03B               	goto	i2l837
   572                           
   573                           ;18f4550uart.c: 62: {
   574                           ;18f4550uart.c: 63: MessageBuffer[i] = ReadUSART();
   575  000062  0101               	movlb	1	; () banked
   576  000064  0E00               	movlw	low _MessageBuffer
   577  000066  242B               	addwf	_i,w,c
   578  000068  6ED9               	movwf	fsr2l,c
   579  00006A  0101               	movlb	1	; () banked
   580  00006C  0E01               	movlw	high _MessageBuffer
   581  00006E  202C               	addwfc	_i+1,w,c
   582  000070  6EDA               	movwf	fsr2h,c
   583  000072  EC24  F001         	call	_ReadUSART	;wreg free
   584  000076  6EDF               	movwf	indf2,c
   585                           
   586                           ;18f4550uart.c: 64: if(MessageBuffer[i] == 0x0D)
   587  000078  0101               	movlb	1	; () banked
   588  00007A  0E00               	movlw	low _MessageBuffer
   589  00007C  242B               	addwf	_i,w,c
   590  00007E  6ED9               	movwf	fsr2l,c
   591  000080  0101               	movlb	1	; () banked
   592  000082  0E01               	movlw	high _MessageBuffer
   593  000084  202C               	addwfc	_i+1,w,c
   594  000086  6EDA               	movwf	fsr2h,c
   595  000088  0E0D               	movlw	13
   596  00008A  62DF               	cpfseq	indf2,c
   597  00008C  D021               	goto	i2l833
   598                           
   599                           ; BSR set to: 1
   600                           ;18f4550uart.c: 65: {
   601                           ;18f4550uart.c: 66: putsUSART(MessageBuffer);
   602  00008E  0101               	movlb	1	; () banked
   603  000090  0E01               	movlw	high _MessageBuffer
   604  000092  6E03               	movwf	putsUSART@data+1,c
   605  000094  0101               	movlb	1	; () banked
   606  000096  0E00               	movlw	low _MessageBuffer
   607  000098  6E02               	movwf	putsUSART@data,c
   608  00009A  EC11  F001         	call	_putsUSART	;wreg free
   609                           
   610                           ;18f4550uart.c: 67: for(;i>0;i--)
   611  00009E  D00D               	goto	i2l827
   612  0000A0                     i2l823:
   613                           
   614                           ;18f4550uart.c: 68: MessageBuffer[i] = 0x00;
   615  0000A0  0101               	movlb	1	; () banked
   616  0000A2  0E00               	movlw	low _MessageBuffer
   617  0000A4  242B               	addwf	_i,w,c
   618  0000A6  6ED9               	movwf	fsr2l,c
   619  0000A8  0101               	movlb	1	; () banked
   620  0000AA  0E01               	movlw	high _MessageBuffer
   621  0000AC  202C               	addwfc	_i+1,w,c
   622  0000AE  6EDA               	movwf	fsr2h,c
   623  0000B0  0E00               	movlw	0
   624  0000B2  6EDF               	movwf	indf2,c
   625                           
   626                           ; BSR set to: 1
   627  0000B4  062B               	decf	_i,f,c
   628  0000B6  A0D8               	btfss	status,0,c
   629  0000B8  062C               	decf	_i+1,f,c
   630  0000BA                     i2l827:
   631  0000BA  502C               	movf	_i+1,w,c
   632  0000BC  0A80               	xorlw	128
   633  0000BE  6EF3               	movwf	prodl,c
   634  0000C0  0E80               	movlw	128
   635  0000C2  5CF3               	subwf	prodl,w,c
   636  0000C4  0E01               	movlw	1
   637  0000C6  B4D8               	btfsc	status,2,c
   638  0000C8  5C2B               	subwf	_i,w,c
   639  0000CA  B0D8               	btfsc	status,0,c
   640  0000CC  D7E9               	goto	i2l823
   641  0000CE  D024               	goto	i2l845
   642  0000D0                     i2l833:
   643                           
   644                           ;18f4550uart.c: 71: }
   645                           ;18f4550uart.c: 72: i++;
   646  0000D0  4A2B               	infsnz	_i,f,c
   647  0000D2  2A2C               	incf	_i+1,f,c
   648                           
   649                           ;18f4550uart.c: 73: PIR1bits.RCIF = 0;
   650  0000D4  9A9E               	bcf	3998,5,c	;volatile
   651                           
   652                           ;18f4550uart.c: 74: }
   653  0000D6  D024               	goto	i2l52
   654  0000D8                     i2l837:
   655                           
   656                           ;18f4550uart.c: 75: else
   657                           ;18f4550uart.c: 76: {
   658                           ;18f4550uart.c: 77: putsUSART(MessageBuffer);
   659  0000D8  0101               	movlb	1	; () banked
   660  0000DA  0E01               	movlw	high _MessageBuffer
   661  0000DC  6E03               	movwf	putsUSART@data+1,c
   662  0000DE  0101               	movlb	1	; () banked
   663  0000E0  0E00               	movlw	low _MessageBuffer
   664  0000E2  6E02               	movwf	putsUSART@data,c
   665  0000E4  EC11  F001         	call	_putsUSART	;wreg free
   666                           
   667                           ;18f4550uart.c: 78: for(;i>0;i--)
   668  0000E8  D00D               	goto	i2l843
   669  0000EA                     i2l839:
   670                           
   671                           ;18f4550uart.c: 79: MessageBuffer[i] = 0x00;
   672  0000EA  0101               	movlb	1	; () banked
   673  0000EC  0E00               	movlw	low _MessageBuffer
   674  0000EE  242B               	addwf	_i,w,c
   675  0000F0  6ED9               	movwf	fsr2l,c
   676  0000F2  0101               	movlb	1	; () banked
   677  0000F4  0E01               	movlw	high _MessageBuffer
   678  0000F6  202C               	addwfc	_i+1,w,c
   679  0000F8  6EDA               	movwf	fsr2h,c
   680  0000FA  0E00               	movlw	0
   681  0000FC  6EDF               	movwf	indf2,c
   682                           
   683                           ; BSR set to: 1
   684  0000FE  062B               	decf	_i,f,c
   685  000100  A0D8               	btfss	status,0,c
   686  000102  062C               	decf	_i+1,f,c
   687  000104                     i2l843:
   688  000104  502C               	movf	_i+1,w,c
   689  000106  0A80               	xorlw	128
   690  000108  6EF3               	movwf	prodl,c
   691  00010A  0E80               	movlw	128
   692  00010C  5CF3               	subwf	prodl,w,c
   693  00010E  0E01               	movlw	1
   694  000110  B4D8               	btfsc	status,2,c
   695  000112  5C2B               	subwf	_i,w,c
   696  000114  B0D8               	btfsc	status,0,c
   697  000116  D7E9               	goto	i2l839
   698  000118                     i2l845:
   699                           
   700                           ;18f4550uart.c: 80: i=0;
   701  000118  0E00               	movlw	0
   702  00011A  6E2C               	movwf	_i+1,c
   703  00011C  0E00               	movlw	0
   704  00011E  6E2B               	movwf	_i,c
   705  000120                     i2l52:
   706  000120  C011  FFF5         	movff	??_SerialRxPinInterrupt+13,tablat
   707  000124  C010  FFF8         	movff	??_SerialRxPinInterrupt+12,tblptru
   708  000128  C00F  FFF7         	movff	??_SerialRxPinInterrupt+11,tblptrh
   709  00012C  C00E  FFF6         	movff	??_SerialRxPinInterrupt+10,tblptrl
   710  000130  C00D  FFF4         	movff	??_SerialRxPinInterrupt+9,prodh
   711  000134  C00C  FFF3         	movff	??_SerialRxPinInterrupt+8,prodl
   712  000138  C00B  FFDA         	movff	??_SerialRxPinInterrupt+7,fsr2h
   713  00013C  C00A  FFD9         	movff	??_SerialRxPinInterrupt+6,fsr2l
   714  000140  C009  FFE2         	movff	??_SerialRxPinInterrupt+5,fsr1h
   715  000144  C008  FFE1         	movff	??_SerialRxPinInterrupt+4,fsr1l
   716  000148  C007  FFEA         	movff	??_SerialRxPinInterrupt+3,fsr0h
   717  00014C  C006  FFE9         	movff	??_SerialRxPinInterrupt+2,fsr0l
   718  000150  C005  FFFB         	movff	??_SerialRxPinInterrupt+1,pclatu
   719  000154  C004  FFFA         	movff	??_SerialRxPinInterrupt,pclath
   720  000158  0011               	retfie		f
   721  00015A                     __end_of_SerialRxPinInterrupt:
   722                           	opt stack 0
   723                           pclatu	equ	0xFFB
   724                           pclath	equ	0xFFA
   725                           tblptru	equ	0xFF8
   726                           tblptrh	equ	0xFF7
   727                           tblptrl	equ	0xFF6
   728                           tablat	equ	0xFF5
   729                           prodh	equ	0xFF4
   730                           prodl	equ	0xFF3
   731                           intcon	equ	0xFF2
   732                           postinc0	equ	0xFEE
   733                           fsr0h	equ	0xFEA
   734                           fsr0l	equ	0xFE9
   735                           wreg	equ	0xFE8
   736                           postdec1	equ	0xFE5
   737                           fsr1h	equ	0xFE2
   738                           fsr1l	equ	0xFE1
   739                           indf2	equ	0xFDF
   740                           fsr2h	equ	0xFDA
   741                           fsr2l	equ	0xFD9
   742                           status	equ	0xFD8
   743                           
   744 ;; *************** function _putsUSART *****************
   745 ;; Defined at:
   746 ;;		line 14 in file "C:\Program Files\Microchip\xc8\v1.33\sources\pic18\plib\USART\uputs.c"
   747 ;; Parameters:    Size  Location     Type
   748 ;;  data            2    1[COMRAM] PTR unsigned char 
   749 ;;		 -> MessageBuffer(200), 
   750 ;; Auto vars:     Size  Location     Type
   751 ;;		None
   752 ;; Return value:  Size  Location     Type
   753 ;;		None               void
   754 ;; Registers used:
   755 ;;		wreg, fsr2l, fsr2h, status,2, status,0, cstack
   756 ;; Tracked objects:
   757 ;;		On entry : 0/0
   758 ;;		On exit  : 0/0
   759 ;;		Unchanged: 0/0
   760 ;; Data sizes:     COMRAM   BANK0   BANK1   BANK2   BANK3   BANK4   BANK5   BANK6   BANK7
   761 ;;      Params:         2       0       0       0       0       0       0       0       0
   762 ;;      Locals:         0       0       0       0       0       0       0       0       0
   763 ;;      Temps:          0       0       0       0       0       0       0       0       0
   764 ;;      Totals:         2       0       0       0       0       0       0       0       0
   765 ;;Total ram usage:        2 bytes
   766 ;; Hardware stack levels used:    1
   767 ;; Hardware stack levels required when called:    1
   768 ;; This function calls:
   769 ;;		_WriteUSART
   770 ;; This function is called by:
   771 ;;		_SerialRxPinInterrupt
   772 ;; This function uses a non-reentrant model
   773 ;;
   774                           
   775                           	psect	text4
   776  000222                     __ptext4:
   777                           	opt stack 0
   778  000222                     _putsUSART:
   779                           	opt stack 27
   780  000222                     i2l97:
   781  000222  A2AC               	btfss	4012,1,c	;volatile
   782  000224  D7FE               	goto	i2l97
   783  000226  C002  FFD9         	movff	putsUSART@data,fsr2l
   784  00022A  C003  FFDA         	movff	putsUSART@data+1,fsr2h
   785  00022E  50DF               	movf	indf2,w,c
   786  000230  EC33  F001         	call	_WriteUSART
   787  000234  C002  FFD9         	movff	putsUSART@data,fsr2l
   788  000238  C003  FFDA         	movff	putsUSART@data+1,fsr2h
   789  00023C  4A02               	infsnz	putsUSART@data,f,c
   790  00023E  2A03               	incf	putsUSART@data+1,f,c
   791  000240  50DF               	movf	indf2,w,c
   792  000242  B4D8               	btfsc	status,2,c
   793  000244  0012               	return	
   794  000246  D7ED               	goto	i2l97
   795  000248                     __end_of_putsUSART:
   796                           	opt stack 0
   797                           pclatu	equ	0xFFB
   798                           pclath	equ	0xFFA
   799                           tblptru	equ	0xFF8
   800                           tblptrh	equ	0xFF7
   801                           tblptrl	equ	0xFF6
   802                           tablat	equ	0xFF5
   803                           prodh	equ	0xFF4
   804                           prodl	equ	0xFF3
   805                           intcon	equ	0xFF2
   806                           postinc0	equ	0xFEE
   807                           fsr0h	equ	0xFEA
   808                           fsr0l	equ	0xFE9
   809                           wreg	equ	0xFE8
   810                           postdec1	equ	0xFE5
   811                           fsr1h	equ	0xFE2
   812                           fsr1l	equ	0xFE1
   813                           indf2	equ	0xFDF
   814                           fsr2h	equ	0xFDA
   815                           fsr2l	equ	0xFD9
   816                           status	equ	0xFD8
   817                           
   818 ;; *************** function _WriteUSART *****************
   819 ;; Defined at:
   820 ;;		line 13 in file "C:\Program Files\Microchip\xc8\v1.33\sources\pic18\plib\USART\uwrite.c"
   821 ;; Parameters:    Size  Location     Type
   822 ;;  data            1    wreg     unsigned char 
   823 ;; Auto vars:     Size  Location     Type
   824 ;;  data            1    0[COMRAM] unsigned char 
   825 ;; Return value:  Size  Location     Type
   826 ;;		None               void
   827 ;; Registers used:
   828 ;;		wreg
   829 ;; Tracked objects:
   830 ;;		On entry : 0/0
   831 ;;		On exit  : 0/0
   832 ;;		Unchanged: 0/0
   833 ;; Data sizes:     COMRAM   BANK0   BANK1   BANK2   BANK3   BANK4   BANK5   BANK6   BANK7
   834 ;;      Params:         0       0       0       0       0       0       0       0       0
   835 ;;      Locals:         1       0       0       0       0       0       0       0       0
   836 ;;      Temps:          0       0       0       0       0       0       0       0       0
   837 ;;      Totals:         1       0       0       0       0       0       0       0       0
   838 ;;Total ram usage:        1 bytes
   839 ;; Hardware stack levels used:    1
   840 ;; This function calls:
   841 ;;		Nothing
   842 ;; This function is called by:
   843 ;;		_putsUSART
   844 ;; This function uses a non-reentrant model
   845 ;;
   846                           
   847                           	psect	text5
   848  000266                     __ptext5:
   849                           	opt stack 0
   850  000266                     _WriteUSART:
   851                           	opt stack 27
   852                           
   853                           ;incstack = 0
   854                           ;WriteUSART@data stored from wreg
   855  000266  6E01               	movwf	WriteUSART@data,c
   856  000268  ACAC               	btfss	4012,6,c	;volatile
   857  00026A  D003               	goto	i2l717
   858  00026C  90AC               	bcf	4012,0,c	;volatile
   859  00026E  B22D               	btfsc	_USART_Status,1,c
   860  000270  80AC               	bsf	4012,0,c	;volatile
   861  000272                     i2l717:
   862  000272  C001  FFAD         	movff	WriteUSART@data,4013	;volatile
   863  000276  0012               	return	
   864  000278                     __end_of_WriteUSART:
   865                           	opt stack 0
   866                           pclatu	equ	0xFFB
   867                           pclath	equ	0xFFA
   868                           tblptru	equ	0xFF8
   869                           tblptrh	equ	0xFF7
   870                           tblptrl	equ	0xFF6
   871                           tablat	equ	0xFF5
   872                           prodh	equ	0xFF4
   873                           prodl	equ	0xFF3
   874                           intcon	equ	0xFF2
   875                           postinc0	equ	0xFEE
   876                           fsr0h	equ	0xFEA
   877                           fsr0l	equ	0xFE9
   878                           wreg	equ	0xFE8
   879                           postdec1	equ	0xFE5
   880                           fsr1h	equ	0xFE2
   881                           fsr1l	equ	0xFE1
   882                           indf2	equ	0xFDF
   883                           fsr2h	equ	0xFDA
   884                           fsr2l	equ	0xFD9
   885                           status	equ	0xFD8
   886                           
   887 ;; *************** function _ReadUSART *****************
   888 ;; Defined at:
   889 ;;		line 15 in file "C:\Program Files\Microchip\xc8\v1.33\sources\pic18\plib\USART\uread.c"
   890 ;; Parameters:    Size  Location     Type
   891 ;;		None
   892 ;; Auto vars:     Size  Location     Type
   893 ;;  data            1    0[COMRAM] unsigned char 
   894 ;; Return value:  Size  Location     Type
   895 ;;                  1    wreg      unsigned char 
   896 ;; Registers used:
   897 ;;		wreg, status,2, status,0
   898 ;; Tracked objects:
   899 ;;		On entry : 0/0
   900 ;;		On exit  : 0/0
   901 ;;		Unchanged: 0/0
   902 ;; Data sizes:     COMRAM   BANK0   BANK1   BANK2   BANK3   BANK4   BANK5   BANK6   BANK7
   903 ;;      Params:         0       0       0       0       0       0       0       0       0
   904 ;;      Locals:         1       0       0       0       0       0       0       0       0
   905 ;;      Temps:          0       0       0       0       0       0       0       0       0
   906 ;;      Totals:         1       0       0       0       0       0       0       0       0
   907 ;;Total ram usage:        1 bytes
   908 ;; Hardware stack levels used:    1
   909 ;; This function calls:
   910 ;;		Nothing
   911 ;; This function is called by:
   912 ;;		_SerialRxPinInterrupt
   913 ;; This function uses a non-reentrant model
   914 ;;
   915                           
   916                           	psect	text6
   917  000248                     __ptext6:
   918                           	opt stack 0
   919  000248                     _ReadUSART:
   920                           	opt stack 28
   921                           
   922                           ;incstack = 0
   923  000248  0EF2               	movlw	242
   924  00024A  162D               	andwf	_USART_Status,f,c
   925  00024C  ACAB               	btfss	4011,6,c	;volatile
   926  00024E  D003               	goto	i2l110
   927  000250  902D               	bcf	_USART_Status,0,c
   928  000252  B0AB               	btfsc	4011,0,c	;volatile
   929  000254  802D               	bsf	_USART_Status,0,c
   930  000256                     i2l110:
   931  000256  B4AB               	btfsc	4011,2,c	;volatile
   932  000258  842D               	bsf	_USART_Status,2,c
   933  00025A  B2AB               	btfsc	4011,1,c	;volatile
   934  00025C  862D               	bsf	_USART_Status,3,c
   935  00025E  CFAE F001          	movff	4014,ReadUSART@data	;volatile
   936  000262  5001               	movf	ReadUSART@data,w,c
   937  000264  0012               	return	
   938  000266                     __end_of_ReadUSART:
   939                           	opt stack 0
   940  0000                     pclatu	equ	0xFFB
   941                           pclath	equ	0xFFA
   942                           tblptru	equ	0xFF8
   943                           tblptrh	equ	0xFF7
   944                           tblptrl	equ	0xFF6
   945                           tablat	equ	0xFF5
   946                           prodh	equ	0xFF4
   947                           prodl	equ	0xFF3
   948                           intcon	equ	0xFF2
   949                           postinc0	equ	0xFEE
   950                           fsr0h	equ	0xFEA
   951                           fsr0l	equ	0xFE9
   952                           wreg	equ	0xFE8
   953                           postdec1	equ	0xFE5
   954                           fsr1h	equ	0xFE2
   955                           fsr1l	equ	0xFE1
   956                           indf2	equ	0xFDF
   957                           fsr2h	equ	0xFDA
   958                           fsr2l	equ	0xFD9
   959                           status	equ	0xFD8
   960                           pclatu	equ	0xFFB
   961                           pclath	equ	0xFFA
   962                           tblptru	equ	0xFF8
   963                           tblptrh	equ	0xFF7
   964                           tblptrl	equ	0xFF6
   965                           tablat	equ	0xFF5
   966                           prodh	equ	0xFF4
   967                           prodl	equ	0xFF3
   968                           intcon	equ	0xFF2
   969                           postinc0	equ	0xFEE
   970                           fsr0h	equ	0xFEA
   971                           fsr0l	equ	0xFE9
   972                           wreg	equ	0xFE8
   973                           postdec1	equ	0xFE5
   974                           fsr1h	equ	0xFE2
   975                           fsr1l	equ	0xFE1
   976                           indf2	equ	0xFDF
   977                           fsr2h	equ	0xFDA
   978                           fsr2l	equ	0xFD9
   979                           status	equ	0xFD8
   980                           
   981                           	psect	rparam
   982  0000                     pclatu	equ	0xFFB
   983                           pclath	equ	0xFFA
   984                           tblptru	equ	0xFF8
   985                           tblptrh	equ	0xFF7
   986                           tblptrl	equ	0xFF6
   987                           tablat	equ	0xFF5
   988                           prodh	equ	0xFF4
   989                           prodl	equ	0xFF3
   990                           intcon	equ	0xFF2
   991                           postinc0	equ	0xFEE
   992                           fsr0h	equ	0xFEA
   993                           fsr0l	equ	0xFE9
   994                           wreg	equ	0xFE8
   995                           postdec1	equ	0xFE5
   996                           fsr1h	equ	0xFE2
   997                           fsr1l	equ	0xFE1
   998                           indf2	equ	0xFDF
   999                           fsr2h	equ	0xFDA
  1000                           fsr2l	equ	0xFD9
  1001                           status	equ	0xFD8


Data Sizes:
    Strings     0
    Constant    0
    Data        14
    BSS         203
    Persistent  2
    Stack       0

Auto Spaces:
    Space          Size  Autos    Used
    COMRAM           95     28      47
    BANK0           160      0       0
    BANK1           256      0     200
    BANK2           256      0       0
    BANK3           256      0       0
    BANK4           256      0       0
    BANK5           256      0       0
    BANK6           256      0       0
    BANK7           256      0       0

Pointer List with Targets:

    putsUSART@data	PTR unsigned char  size(2) Largest target is 200
		 -> MessageBuffer(BANK1[200]), 


Critical Paths under _main in COMRAM

    _main->_OpenUSART

Critical Paths under _SerialRxPinInterrupt in COMRAM

    _SerialRxPinInterrupt->_putsUSART
    _putsUSART->_WriteUSART

Critical Paths under _main in BANK0

    None.

Critical Paths under _SerialRxPinInterrupt in BANK0

    None.

Critical Paths under _main in BANK1

    None.

Critical Paths under _SerialRxPinInterrupt in BANK1

    None.

Critical Paths under _main in BANK2

    None.

Critical Paths under _SerialRxPinInterrupt in BANK2

    None.

Critical Paths under _main in BANK3

    None.

Critical Paths under _SerialRxPinInterrupt in BANK3

    None.

Critical Paths under _main in BANK4

    None.

Critical Paths under _SerialRxPinInterrupt in BANK4

    None.

Critical Paths under _main in BANK5

    None.

Critical Paths under _SerialRxPinInterrupt in BANK5

    None.

Critical Paths under _main in BANK6

    None.

Critical Paths under _SerialRxPinInterrupt in BANK6

    None.

Critical Paths under _main in BANK7

    None.

Critical Paths under _SerialRxPinInterrupt in BANK7

    None.

Call Graph Tables:

 ---------------------------------------------------------------------------------
 (Depth) Function   	        Calls       Base Space   Used Autos Params    Refs
 ---------------------------------------------------------------------------------
 (0) _main                                                 5     0      5     193
                                             23 COMRAM     5     0      5
                          _OpenUSART
                         _SetupClock
 ---------------------------------------------------------------------------------
 (1) _SetupClock                                           0     0      0       0
 ---------------------------------------------------------------------------------
 (1) _OpenUSART                                            6     4      2     193
                                             17 COMRAM     6     4      2
 ---------------------------------------------------------------------------------
 Estimated maximum stack depth 1
 ---------------------------------------------------------------------------------
 (Depth) Function   	        Calls       Base Space   Used Autos Params    Refs
 ---------------------------------------------------------------------------------
 (2) _SerialRxPinInterrupt                                14    14      0     146
                                              3 COMRAM    14    14      0
                          _ReadUSART
                          _putsUSART
 ---------------------------------------------------------------------------------
 (3) _putsUSART                                            2     0      2     131
                                              1 COMRAM     2     0      2
                         _WriteUSART
 ---------------------------------------------------------------------------------
 (4) _WriteUSART                                           1     1      0      15
                                              0 COMRAM     1     1      0
 ---------------------------------------------------------------------------------
 (3) _ReadUSART                                            1     1      0      15
                                              0 COMRAM     1     1      0
 ---------------------------------------------------------------------------------
 Estimated maximum stack depth 4
 ---------------------------------------------------------------------------------

 Call Graph Graphs:

 _main (ROOT)
   _OpenUSART
   _SetupClock

 _SerialRxPinInterrupt (ROOT)
   _ReadUSART
   _putsUSART
     _WriteUSART

 Address spaces:
Name               Size   Autos  Total    Cost      Usage
BIGRAM             7FF      0       0      21        0.0%
EEDATA             100      0       0       0        0.0%
BITBANK7           100      0       0      18        0.0%
BANK7              100      0       0      19        0.0%
BITBANK6           100      0       0      16        0.0%
BANK6              100      0       0      17        0.0%
BITBANK5           100      0       0      14        0.0%
BANK5              100      0       0      15        0.0%
BITBANK4           100      0       0      12        0.0%
BANK4              100      0       0      13        0.0%
BITBANK3           100      0       0      10        0.0%
BANK3              100      0       0      11        0.0%
BITBANK2           100      0       0       8        0.0%
BANK2              100      0       0       9        0.0%
BITBANK1           100      0       0       6        0.0%
BANK1              100      0      C8       7       78.1%
BITBANK0            A0      0       0       4        0.0%
BANK0               A0      0       0       5        0.0%
BITCOMRAM           5F      0       0       0        0.0%
COMRAM              5F     1C      2F       1       49.5%
BITSFR               0      0       0      40        0.0%
SFR                  0      0       0      40        0.0%
STACK                0      0       0       2        0.0%
NULL                 0      0       0       0        0.0%
ABS                  0      0      F7      20        0.0%
DATA                 0      0      F7       3        0.0%
CODE                 0      0       0       0        0.0%


Microchip Technology PIC18 Macro Assembler V1.33 build 59893 
Symbol Table                                                                                   Sat Jul 25 14:00:23 2015

                            _i 002B                             l37 0220                             l80 017C  
                           l84 0190                             l85 0192                             l86 019C  
                           l87 019E                             l89 01C0                            l731 0170  
                          l739 017E                            wreg 000FE8                           _PEIE 007F96  
                         _RCIE 007CED                           _RCIF 007CF5                           i2l52 0120  
                         _RCIP 007CFD                           i2l97 0222                           _baud 002F  
                         _main 01FA                           fsr0h 000FEA                           fsr1h 000FE2  
                         fsr0l 000FE9                           fsr2h 000FDA                           fsr1l 000FE1  
                         indf2 000FDF                           fsr2l 000FD9                           pclat 000FFA  
                         prodh 000FF4                           prodl 000FF3                           start 0018  
                        ?_main 0018                          i2l110 0256                          i2l717 0272  
                        i2l823 00A0                          i2l833 00D0                          i2l843 0104  
                        i2l827 00BA                          i2l845 0118                          i2l837 00D8  
                        i2l839 00EA                          _RCREG 000FAE                          _RCSTA 000FAB  
                        _SPBRG 000FAF                          _TXREG 000FAD                          _TXSTA 000FAC  
                        tablat 000FF5                          status 000FD8                 WriteUSART@data 0001  
              __initialization 01C2                   __end_of_main 0222                         ??_main 001D  
                   _MsgFromPIC 001D                  __activetblptr 000000             __size_of_ReadUSART 001E  
                       _SPBRGH 000FB0             __size_of_OpenUSART 0068                     _SetupClock 0286  
                       clear_0 01C8                   __pdataCOMRAM 001D                         tblptrh 000FF7  
                       tblptrl 000FF6                         tblptru 000FF8                  _MessageBuffer 0100  
                   __accesstop 0060        __end_of__initialization 01F4  __size_of_SerialRxPinInterrupt 0152  
                   _WriteUSART 0266                 __pcstackCOMRAM 0001              __end_of_ReadUSART 0266  
                ReadUSART@data 0001              __end_of_OpenUSART 01C2                     __pbssBANK1 0100  
                   __pnvCOMRAM 002E                    ?_SetupClock 0001                  putsUSART@data 0002  
           __size_of_putsUSART 0026                        __Hparam 0000                        __Lparam 0000  
                  ?_WriteUSART 0001                        __pcinit 01C2                        __ramtop 0800  
                      __ptext0 01FA                        __ptext1 0286                        __ptext2 015A  
                      __ptext4 0222                        __ptext5 0266                        __ptext6 0248  
               __pintcode_body 001C           end_of_initialization 01F4            __size_of_SetupClock 0008  
                      int_func 001C                      _RCSTAbits 000FAB                        postdec1 000FE5  
                      postinc0 000FEE              __end_of_putsUSART 0248                      _TRISCbits 000F94  
          __size_of_WriteUSART 0012                      _TXSTAbits 000FAC                  __pidataCOMRAM 0278  
 __end_of_SerialRxPinInterrupt 015A            start_initialization 01C2                      _ReadUSART 0248  
                    _OpenUSART 015A                   ??_SetupClock 0012                    __pbssCOMRAM 002B  
                   ?_ReadUSART 0001                     ?_OpenUSART 0012             __end_of_SetupClock 028E  
                 ??_WriteUSART 0001                      __pintcode 0008             __end_of_WriteUSART 0278  
                     _PIE1bits 000F9D           _SerialRxPinInterrupt 0008                       _PIR1bits 000F9E  
                    _putsUSART 0222                    ??_ReadUSART 0001                      copy_data0 01E8  
                  ??_OpenUSART 0014                OpenUSART@config 0017          ?_SerialRxPinInterrupt 0001  
                     __Hrparam 0000                       __Lrparam 0000                     ?_putsUSART 0002  
                __size_of_main 0028                    _UART1Config 002E                       main@argc 0018  
                     main@argv 001A                     _INTCONbits 000FF2                 OpenUSART@spbrg 0012  
                     intlevel2 0000         ??_SerialRxPinInterrupt 0004                     _OSCCONbits 000FD3  
                  ??_putsUSART 0004                   _USART_Status 002D  
