

Microchip Technology PIC18 LITE Macro Assembler V1.33 build 59893 
                                                                                               Sun Jul 26 02:21:22 2015

Microchip Technology Omniscient Code Generator (Lite mode) build 59893
     1                           	processor	18F45J11
     2                           	fnconf	rparam,??,?,0
     3                           	opt	pw 120
     4                           	opt	lm
     5                           	psect	text0,global,reloc=2,class=CODE,delta=1
     6                           	psect	cinit,global,reloc=2,class=CODE,delta=1
     7                           	psect	cstackCOMRAM,global,class=COMRAM,space=1,delta=1
     8                           	psect	text1,global,reloc=2,class=CODE,delta=1
     9                           	psect	intsave_regs,global,class=BIGRAM,space=1,delta=1
    10                           	psect	rparam,global,class=COMRAM,space=1,delta=1
    11  0000                     _INTCON2bits	set	4081
    12  0000                     _INTCONbits	set	4082
    13  0000                     _LATAbits	set	3977
    14  0000                     _OSCCON	set	4051
    15  0000                     _OSCTUNEbits	set	3995
    16  0000                     _PORTAbits	set	3968
    17  0000                     _PORTD	set	3971
    18  0000                     _PORTDbits	set	3971
    19  0000                     _TRISAbits	set	3986
    20  0000                     _TRISB	set	3987
    21  0000                     _TRISD	set	3989
    22  0000                     _TRISDbits	set	3989
    23  0000                     _TRISB0	set	31896
    24                           
    25                           ; 0 bytes @ 0x7
    26 ;;
    27 ;;Main: autosize = 0, tempsize = 0, incstack = 0, save=0
    28 ;;
    29 ;; *************** function _main *****************
    30 ;; Defined at:
    31 ;;		line 23 in file "interrupt.c"
    32 ;; Parameters:    Size  Location     Type
    33 ;;  argc            2    2[COMRAM] int 
    34 ;;  argv            3    4[COMRAM] PTR PTR unsigned char 
    35 ;; Auto vars:     Size  Location     Type
    36 ;;		None
    37 ;; Return value:  Size  Location     Type
    38 ;;                  2    2[COMRAM] int 
    39 ;; Registers used:
    40 ;;		wreg, status,2, cstack
    41 ;; Tracked objects:
    42 ;;		On entry : 0/0
    43 ;;		On exit  : 0/0
    44 ;;		Unchanged: 0/0
    45 ;; Data sizes:     COMRAM   BANK0   BANK1   BANK2   BANK3   BANK4   BANK5   BANK6   BANK7   BANK8   BANK9  BANK10  BANK1
      +1  BANK12  BANK13  BANK14
    46 ;;      Params:         5       0       0       0       0       0       0       0       0       0       0       0       
      +0       0       0       0
    47 ;;      Locals:         0       0       0       0       0       0       0       0       0       0       0       0       
      +0       0       0       0
    48 ;;      Temps:          0       0       0       0       0       0       0       0       0       0       0       0       
      +0       0       0       0
    49 ;;      Totals:         5       0       0       0       0       0       0       0       0       0       0       0       
      +0       0       0       0
    50 ;;Total ram usage:        5 bytes
    51 ;; Hardware stack levels required when called:    1
    52 ;; This function calls:
    53 ;;		_Delay10KTCYx
    54 ;; This function is called by:
    55 ;;		Startup code after reset
    56 ;; This function uses a non-reentrant model
    57 ;;
    58                           
    59                           	psect	text0
    60  007FB0                     __ptext0:
    61                           	opt stack 0
    62  007FB0                     _main:
    63                           	opt stack 30
    64                           
    65                           ;interrupt.c: 25: OSCCON = 0b01100000;
    66                           
    67                           ;incstack = 0
    68  007FB0  0E60               	movlw	96
    69  007FB2  6ED3               	movwf	4051,c	;volatile
    70                           
    71                           ;interrupt.c: 26: OSCTUNEbits.PLLEN = 1;
    72  007FB4  8C9B               	bsf	3995,6,c	;volatile
    73                           
    74                           ;interrupt.c: 29: TRISAbits.TRISA5 = 0;
    75  007FB6  9A92               	bcf	3986,5,c	;volatile
    76                           
    77                           ;interrupt.c: 30: PORTAbits.RA5 = 0;
    78  007FB8  9A80               	bcf	3968,5,c	;volatile
    79                           
    80                           ;interrupt.c: 31: TRISDbits.TRISD7 = 0;
    81  007FBA  9E95               	bcf	3989,7,c	;volatile
    82                           
    83                           ;interrupt.c: 32: TRISDbits.TRISD6 = 0;
    84  007FBC  9C95               	bcf	3989,6,c	;volatile
    85                           
    86                           ;interrupt.c: 33: TRISDbits.TRISD5 = 0;
    87  007FBE  9A95               	bcf	3989,5,c	;volatile
    88                           
    89                           ;interrupt.c: 34: TRISB0 = 1;
    90  007FC0  8093               	bsf	3987,0,c	;volatile
    91                           
    92                           ;interrupt.c: 37: PORTDbits.RD7 = 0;
    93  007FC2  9E83               	bcf	3971,7,c	;volatile
    94                           
    95                           ;interrupt.c: 38: PORTDbits.RD6 = 0;
    96  007FC4  9C83               	bcf	3971,6,c	;volatile
    97                           
    98                           ;interrupt.c: 40: INTCONbits.GIE = 1;
    99  007FC6  8EF2               	bsf	intcon,7,c	;volatile
   100                           
   101                           ;interrupt.c: 41: INTCONbits.PEIE = 1;
   102  007FC8  8CF2               	bsf	intcon,6,c	;volatile
   103                           
   104                           ;interrupt.c: 42: INTCON2bits.RBPU = 0;
   105  007FCA  9EF1               	bcf	intcon2,7,c	;volatile
   106                           
   107                           ;interrupt.c: 43: INTCONbits.RBIE = 1;
   108  007FCC  86F2               	bsf	intcon,3,c	;volatile
   109                           
   110                           ;interrupt.c: 44: INTCONbits.RBIF = 0;
   111  007FCE  90F2               	bcf	intcon,0,c	;volatile
   112                           
   113                           ;interrupt.c: 45: INTCON2bits.RBIP = 1;
   114  007FD0  80F1               	bsf	intcon2,0,c	;volatile
   115                           
   116                           ;interrupt.c: 46: TRISD = 0x00;
   117  007FD2  0E00               	movlw	0
   118  007FD4  6E95               	movwf	3989,c	;volatile
   119                           
   120                           ;interrupt.c: 47: PORTD = 0x00;
   121  007FD6  0E00               	movlw	0
   122  007FD8  6E83               	movwf	3971,c	;volatile
   123                           
   124                           ;interrupt.c: 48: TRISB = 0xFF;
   125  007FDA  6893               	setf	3987,c	;volatile
   126                           
   127                           ;interrupt.c: 49: TRISAbits.TRISA5 = 0;
   128  007FDC  9A92               	bcf	3986,5,c	;volatile
   129  007FDE                     l660:
   130                           
   131                           ;interrupt.c: 52: {
   132                           ;interrupt.c: 66: PORTDbits.RD7 = 1;
   133  007FDE  8E83               	bsf	3971,7,c	;volatile
   134                           
   135                           ;interrupt.c: 67: PORTDbits.RD6 = 1;
   136  007FE0  8C83               	bsf	3971,6,c	;volatile
   137                           
   138                           ;interrupt.c: 68: PORTAbits.RA5= 1;
   139  007FE2  8A80               	bsf	3968,5,c	;volatile
   140                           
   141                           ;interrupt.c: 69: Delay10KTCYx(500/5 << 1);
   142  007FE4  0EC8               	movlw	200
   143  007FE6  ECCD  F03F         	call	_Delay10KTCYx
   144                           
   145                           ;interrupt.c: 70: Delay10KTCYx(500/5 << 1);
   146  007FEA  0EC8               	movlw	200
   147  007FEC  ECCD  F03F         	call	_Delay10KTCYx
   148                           
   149                           ;interrupt.c: 71: PORTAbits.RA5= 0;
   150  007FF0  9A80               	bcf	3968,5,c	;volatile
   151                           
   152                           ;interrupt.c: 72: PORTDbits.RD7 = 0;
   153  007FF2  9E83               	bcf	3971,7,c	;volatile
   154                           
   155                           ;interrupt.c: 73: PORTDbits.RD6 = 0;
   156  007FF4  9C83               	bcf	3971,6,c	;volatile
   157  007FF6  D7F3               	goto	l660
   158  007FF8                     __end_of_main:
   159                           	opt stack 0
   160                           intcon	equ	0xFF2
   161                           intcon2	equ	0xFF1
   162                           
   163                           	psect	cinit
   164  007F94                     __pcinit:
   165                           	opt stack 0
   166  007F94                     start_initialization:
   167                           	opt stack 0
   168  007F94                     __initialization:
   169                           	opt stack 0
   170  007F94                     end_of_initialization:
   171                           	opt stack 0
   172  007F94                     __end_of__initialization:
   173                           	opt stack 0
   174  007F94  0100               	movlb	0
   175  007F96  EFD8  F03F         	goto	_main	;jump to C main() function
   176                           intcon	equ	0xFF2
   177                           intcon2	equ	0xFF1
   178                           
   179                           	psect	cstackCOMRAM
   180  000001                     __pcstackCOMRAM:
   181                           	opt stack 0
   182  000001                     ??_Delay10KTCYx:
   183                           
   184                           ; 0 bytes @ 0x0
   185  000001                     	ds	1
   186  000002                     Delay10KTCYx@unit:
   187                           	opt stack 0
   188                           
   189                           ; 1 bytes @ 0x1
   190  000002                     	ds	1
   191  000003                     
   192                           ; 2 bytes @ 0x2
   193  000003                     	ds	2
   194  000005                     
   195                           ; 3 bytes @ 0x4
   196  000005                     	ds	3
   197  000008                     intcon	equ	0xFF2
   198                           intcon2	equ	0xFF1
   199                           
   200 ;; *************** function _Delay10KTCYx *****************
   201 ;; Defined at:
   202 ;;		line 8 in file "C:\Program Files\Microchip\xc8\v1.33\sources\pic18\d10ktcyx.c"
   203 ;; Parameters:    Size  Location     Type
   204 ;;  unit            1    wreg     unsigned char 
   205 ;; Auto vars:     Size  Location     Type
   206 ;;  unit            1    1[COMRAM] unsigned char 
   207 ;; Return value:  Size  Location     Type
   208 ;;		None               void
   209 ;; Registers used:
   210 ;;		wreg
   211 ;; Tracked objects:
   212 ;;		On entry : 0/0
   213 ;;		On exit  : 0/0
   214 ;;		Unchanged: 0/0
   215 ;; Data sizes:     COMRAM   BANK0   BANK1   BANK2   BANK3   BANK4   BANK5   BANK6   BANK7   BANK8   BANK9  BANK10  BANK1
      +1  BANK12  BANK13  BANK14
   216 ;;      Params:         0       0       0       0       0       0       0       0       0       0       0       0       
      +0       0       0       0
   217 ;;      Locals:         1       0       0       0       0       0       0       0       0       0       0       0       
      +0       0       0       0
   218 ;;      Temps:          1       0       0       0       0       0       0       0       0       0       0       0       
      +0       0       0       0
   219 ;;      Totals:         2       0       0       0       0       0       0       0       0       0       0       0       
      +0       0       0       0
   220 ;;Total ram usage:        2 bytes
   221 ;; Hardware stack levels used:    1
   222 ;; This function calls:
   223 ;;		Nothing
   224 ;; This function is called by:
   225 ;;		_main
   226 ;; This function uses a non-reentrant model
   227 ;;
   228                           
   229                           	psect	text1
   230  007F9A                     __ptext1:
   231                           	opt stack 0
   232  007F9A                     _Delay10KTCYx:
   233                           	opt stack 30
   234                           
   235                           ;incstack = 0
   236                           ;Delay10KTCYx@unit stored from wreg
   237  007F9A  6E02               	movwf	Delay10KTCYx@unit,c
   238  007F9C                     l263:
   239  007F9C  0E0D               	movlw	13
   240  007F9E  6E01               	movwf	??_Delay10KTCYx& (0+255),c
   241  007FA0  0EFC               	movlw	252
   242  007FA2                     u17:
   243  007FA2  2EE8               	decfsz	wreg,f,c
   244  007FA4  D7FE               	goto	u17
   245  007FA6  2E01               	decfsz	??_Delay10KTCYx& (0+255),f,c
   246  007FA8  D7FC               	goto	u17
   247  007FAA  2E02               	decfsz	Delay10KTCYx@unit,f,c
   248  007FAC  D7F7               	goto	l263
   249  007FAE  0012               	return	
   250  007FB0                     __end_of_Delay10KTCYx:
   251                           	opt stack 0
   252  0000                     intcon	equ	0xFF2
   253                           intcon2	equ	0xFF1
   254                           wreg	equ	0xFE8
   255                           intcon	equ	0xFF2
   256                           intcon2	equ	0xFF1
   257                           wreg	equ	0xFE8
   258                           
   259                           	psect	rparam
   260  0000                     intcon	equ	0xFF2
   261                           intcon2	equ	0xFF1
   262                           wreg	equ	0xFE8


Data Sizes:
    Strings     0
    Constant    0
    Data        0
    BSS         0
    Persistent  0
    Stack       0

Auto Spaces:
    Space          Size  Autos    Used
    COMRAM           95      7       7
    BANK0           160      0       0
    BANK1           256      0       0
    BANK2           256      0       0
    BANK3           256      0       0
    BANK4           256      0       0
    BANK5           256      0       0
    BANK6           256      0       0
    BANK7           256      0       0
    BANK8           256      0       0
    BANK9           256      0       0
    BANK10          256      0       0
    BANK11          256      0       0
    BANK12          256      0       0
    BANK13          256      0       0
    BANK14          192      0       0

Pointer List with Targets:

    None.

Critical Paths under _main in COMRAM

    _main->_Delay10KTCYx

Critical Paths under _main in BANK0

    None.

Critical Paths under _main in BANK1

    None.

Critical Paths under _main in BANK2

    None.

Critical Paths under _main in BANK3

    None.

Critical Paths under _main in BANK4

    None.

Critical Paths under _main in BANK5

    None.

Critical Paths under _main in BANK6

    None.

Critical Paths under _main in BANK7

    None.

Critical Paths under _main in BANK8

    None.

Critical Paths under _main in BANK9

    None.

Critical Paths under _main in BANK10

    None.

Critical Paths under _main in BANK11

    None.

Critical Paths under _main in BANK12

    None.

Critical Paths under _main in BANK13

    None.

Critical Paths under _main in BANK14

    None.

Call Graph Tables:

 ---------------------------------------------------------------------------------
 (Depth) Function   	        Calls       Base Space   Used Autos Params    Refs
 ---------------------------------------------------------------------------------
 (0) _main                                                 5     0      5      15
                                              2 COMRAM     5     0      5
                       _Delay10KTCYx
 ---------------------------------------------------------------------------------
 (1) _Delay10KTCYx                                         2     2      0      15
                                              0 COMRAM     2     2      0
 ---------------------------------------------------------------------------------
 Estimated maximum stack depth 1
 ---------------------------------------------------------------------------------

 Call Graph Graphs:

 _main (ROOT)
   _Delay10KTCYx

 Address spaces:
Name               Size   Autos  Total    Cost      Usage
BITCOMRAM           5F      0       0       0        0.0%
NULL                 0      0       0       0        0.0%
CODE                 0      0       0       0        0.0%
COMRAM              5F      7       7       1        7.4%
STACK                0      0       0       2        0.0%
DATA                 0      0       0       3        0.0%
BITBANK0            A0      0       0       4        0.0%
BANK0               A0      0       0       5        0.0%
ABS                  0      0       0       6        0.0%
BITBANK1           100      0       0       7        0.0%
BANK1              100      0       0       8        0.0%
BITBANK2           100      0       0       9        0.0%
BANK2              100      0       0      10        0.0%
BITBANK3           100      0       0      11        0.0%
BANK3              100      0       0      12        0.0%
BITBANK4           100      0       0      13        0.0%
BANK4              100      0       0      14        0.0%
BITBANK5           100      0       0      15        0.0%
BANK5              100      0       0      16        0.0%
BITBANK6           100      0       0      17        0.0%
BANK6              100      0       0      18        0.0%
BITBANK7           100      0       0      19        0.0%
BANK7              100      0       0      20        0.0%
BITBANK8           100      0       0      21        0.0%
BANK8              100      0       0      22        0.0%
BITBANK9           100      0       0      23        0.0%
BANK9              100      0       0      24        0.0%
BITBANK10          100      0       0      25        0.0%
BANK10             100      0       0      26        0.0%
BITBANK11          100      0       0      27        0.0%
BANK11             100      0       0      28        0.0%
BITBANK12          100      0       0      29        0.0%
BANK12             100      0       0      30        0.0%
BITBANK13          100      0       0      31        0.0%
BANK13             100      0       0      32        0.0%
BITBANK14           C0      0       0      33        0.0%
BANK14              C0      0       0      34        0.0%
BIGRAM             EBF      0       0      35        0.0%
BITSFR_2             0      0       0      40        0.0%
SFR_2                0      0       0      40        0.0%
BITSFR_1             0      0       0      40        0.0%
SFR_1                0      0       0      40        0.0%
BITSFR               0      0       0      40        0.0%
SFR                  0      0       0      40        0.0%


Microchip Technology PIC18 Macro Assembler V1.33 build 59893 
Symbol Table                                                                                   Sun Jul 26 02:21:22 2015

                     u17 7FA2                      l263 7F9C                      l660 7FDE  
                    wreg 000FE8                     _main 7FB0                     start 0000  
                  ?_main 0003                    _PORTD 000F83                    _TRISB 000F93  
                  _TRISD 000F95    __size_of_Delay10KTCYx 0016          __initialization 7F94  
           __end_of_main 7FF8             _Delay10KTCYx 7F9A                   ??_main 0008  
          __activetblptr 000000                   _OSCCON 000FD3                   _TRISB0 007C98  
             __accesstop 0060  __end_of__initialization 7F94           __pcstackCOMRAM 0001  
                __Hparam 0000                  __Lparam 0000                  __pcinit 7F94  
                __ramtop 0F00                  __ptext0 7FB0                  __ptext1 7F9A  
   end_of_initialization 7F94                _PORTAbits 000F80                _PORTDbits 000F83  
              _TRISAbits 000F92                _TRISDbits 000F95      start_initialization 7F94  
          ?_Delay10KTCYx 0001                 _LATAbits 000F89           ??_Delay10KTCYx 0001  
       Delay10KTCYx@unit 0002              _INTCON2bits 000FF1                 __Hrparam 0000  
               __Lrparam 0000            __size_of_main 0048                 main@argc 0003  
               main@argv 0005              _OSCTUNEbits 000F9B               _INTCONbits 000FF2  
   __end_of_Delay10KTCYx 7FB0  
